<?xml version="1.0" encoding="UTF-8"?>
<testsuite name="tests.SelenideTest" tests="1" skipped="0" failures="0" errors="0" timestamp="2026-04-08T14:11:05.346Z" hostname="DESKTOP-A8CGM4F" time="41.973">
  <properties/>
  <testcase name="Создание Issue для автоматизированного пользователя" classname="tests.SelenideTest" time="41.973"/>
  <system-out><![CDATA[]]></system-out>
  <system-err><![CDATA[апр. 08, 2026 5:11:15 PM org.openqa.selenium.devtools.CdpVersionFinder findNearestMatch
WARNING: Unable to find an exact match for CDP version 147, returning the closest version; found: 145; Please update to a Selenium version that supports CDP version 147
]]></system-err>
</testsuite>
