<?xml version="1.0" encoding="UTF-8"?>
<testsuite name="tests.StepsAttachments" tests="2" skipped="0" failures="0" errors="0" timestamp="2026-04-07T19:59:57.921Z" hostname="DESKTOP-A8CGM4F" time="4.345">
  <properties/>
  <testcase name="Создание Issue для автоматизированного пользователя" classname="tests.StepsAttachments" time="3.171"/>
  <testcase name="Создание Issue для автоматизированного пользователя" classname="tests.StepsAttachments" time="1.145"/>
  <system-out><![CDATA[]]></system-out>
  <system-err><![CDATA[]]></system-err>
</testsuite>
