<?xml version="1.0" encoding="UTF-8"?>
<testsuite name="tests.StepsAttachments" tests="2" skipped="0" failures="0" errors="0" timestamp="2026-04-08T14:11:47.616Z" hostname="DESKTOP-A8CGM4F" time="5.271">
  <properties/>
  <testcase name="Создание Issue для автоматизированного пользователя" classname="tests.StepsAttachments" time="4.016"/>
  <testcase name="Создание Issue для автоматизированного пользователя" classname="tests.StepsAttachments" time="1.23"/>
  <system-out><![CDATA[]]></system-out>
  <system-err><![CDATA[]]></system-err>
</testsuite>
